<?xml version="1.0" encoding="UTF-8"?>
<!-- Generated by org.testng.reporters.JUnitReportReporter -->
<testsuite hostname="VENKATASAI" failures="0" tests="1" name="org.inetbanking.tests.LoginTest" time="79.610" errors="0" timestamp="2021-09-21T17:43:18 IST" skipped="0">
  <testcase classname="org.inetbanking.tests.LoginTest" name="loginTest" time="79.610"/>
  <system-out/>
</testsuite> <!-- org.inetbanking.tests.LoginTest -->
