<?xml version="1.0" encoding="UTF-8"?>
<!-- Generated by org.testng.reporters.JUnitReportReporter -->
<testsuite hostname="VENKATASAI" failures="0" tests="1" name="org.inetbanking.tests.RegistrationTest" time="143.791" errors="0" timestamp="2021-09-23T14:50:04 IST" skipped="0">
  <testcase classname="org.inetbanking.tests.RegistrationTest" name="RegistrationTest" time="143.791"/>
  <system-out/>
</testsuite> <!-- org.inetbanking.tests.RegistrationTest -->
