<?xml version="1.0" encoding="UTF-8"?>
<!-- Generated by org.testng.reporters.JUnitReportReporter -->
<testsuite hostname="VENKATASAI" failures="0" tests="1" name="org.inetbanking.tests.LoginDDT" time="30.625" errors="0" timestamp="2021-09-23T14:50:04 IST" skipped="0">
  <testcase classname="org.inetbanking.tests.LoginDDT" name="loginDDT" time="30.625"/>
  <system-out/>
</testsuite> <!-- org.inetbanking.tests.LoginDDT -->
