<?xml version="1.0" encoding="UTF-8"?>
<!-- Generated by org.testng.reporters.JUnitReportReporter -->
<testsuite hostname="VENKATASAI" failures="0" tests="1" name="org.inetbanking.tests.LoginTest" time="29.161" errors="0" timestamp="2021-09-23T14:50:04 IST" skipped="0">
  <testcase classname="org.inetbanking.tests.LoginTest" name="loginTest" time="29.161"/>
  <system-out/>
</testsuite> <!-- org.inetbanking.tests.LoginTest -->
